#
# A fatal error has been detected by the Java Runtime Environment:
#
#  EXCEPTION_ACCESS_VIOLATION (0xc0000005) at pc=0x00007ff914290e7b, pid=33908, tid=16184
#
# JRE version: OpenJDK Runtime Environment (21.0.1+12) (build 21.0.1+12-29)
# Java VM: OpenJDK 64-Bit Server VM (21.0.1+12-29, mixed mode, sharing, tiered, compressed oops, compressed class ptrs, g1 gc, windows-amd64)
# Problematic frame:
# C  [igxelpicd64.dll+0xbe0e7b]
#
# No core dump will be written. Minidumps are not enabled by default on client versions of Windows
#
# If you would like to submit a bug report, please visit:
#   https://bugreport.java.com/bugreport/crash.jsp
# The crash happened outside the Java Virtual Machine in native code.
# See problematic frame for where to report the bug.
#

---------------  S U M M A R Y ------------

Command Line: -javaagent:C:\Users\tibur\AppData\Local\JetBrains\IntelliJ IDEA Community Edition 2023.3.1\lib\idea_rt.jar=50925:C:\Users\tibur\AppData\Local\JetBrains\IntelliJ IDEA Community Edition 2023.3.1\bin -Dfile.encoding=UTF-8 -Dsun.stdout.encoding=UTF-8 -Dsun.stderr.encoding=UTF-8 Main

Host: 13th Gen Intel(R) Core(TM) i7-1355U, 12 cores, 31G,  Windows 11 , 64 bit Build 26100 (10.0.26100.3912)
Time: Wed Jun 11 18:16:29 2025 Pacific Daylight Time elapsed time: 2.628694 seconds (0d 0h 0m 2s)

---------------  T H R E A D  ---------------

Current thread (0x000001ec14e992a0):  JavaThread "main"             [_thread_in_native, id=16184, stack(0x000000e5de400000,0x000000e5de500000) (1024K)]

Stack: [0x000000e5de400000,0x000000e5de500000],  sp=0x000000e5de4f8af8,  free space=994k
Native frames: (J=compiled Java code, j=interpreted, Vv=VM code, C=native code)
C  [igxelpicd64.dll+0xbe0e7b]

Java frames: (J=compiled Java code, j=interpreted, Vv=VM code)
j  org.lwjgl.opengl.GL11C.glDrawArrays(III)V+0
j  org.lwjgl.opengl.GL11.glDrawArrays(III)V+3
j  Main.main([Ljava/lang/String;)V+2457
v  ~StubRoutines::call_stub 0x000001ec261f100d

siginfo: EXCEPTION_ACCESS_VIOLATION (0xc0000005), reading address 0x0000000000000014


Registers:
RAX=0x00007ff914290e70, RBX=0x000001ec7d3a8940, RCX=0x000001ec04210000, RDX=0x0000000000000014
RSP=0x000000e5de4f8af8, RBP=0x000000e5de4f8c00, RSI=0x000001ec7d3d8428, RDI=0x000001ec0873d820
R8 =0x0000000000000024, R9 =0x0000000000000020, R10=0x00007ff9136b0000, R11=0x000000e5de4f8940
R12=0x000000e5de4fc1d0, R13=0x0000000000000020, R14=0x00000000000001b0, R15=0x000000000000000c
RIP=0x00007ff914290e7b, EFLAGS=0x0000000000010206


Register to memory mapping:

RAX=0x00007ff914290e70 igxelpicd64.dll
RBX=0x000001ec7d3a8940 points into unknown readable memory: 0x000001ec7d2f93c0 | c0 93 2f 7d ec 01 00 00
RCX=0x000001ec04210000 points into unknown readable memory: 0x0000000000000000 | 00 00 00 00 00 00 00 00
RDX=0x0000000000000014 is an unknown value
RSP=0x000000e5de4f8af8 is pointing into the stack for thread: 0x000001ec14e992a0
RBP=0x000000e5de4f8c00 is pointing into the stack for thread: 0x000001ec14e992a0
RSI=0x000001ec7d3d8428 points into unknown readable memory: 0x0000000000000000 | 00 00 00 00 00 00 00 00
RDI=0x000001ec0873d820 points into unknown readable memory: 0x00007ff91448b658 | 58 b6 48 14 f9 7f 00 00
R8 =0x0000000000000024 is an unknown value
R9 =0x0000000000000020 is an unknown value
R10=0x00007ff9136b0000 igxelpicd64.dll
R11=0x000000e5de4f8940 is pointing into the stack for thread: 0x000001ec14e992a0
R12=0x000000e5de4fc1d0 is pointing into the stack for thread: 0x000001ec14e992a0
R13=0x0000000000000020 is an unknown value
R14=0x00000000000001b0 is an unknown value
R15=0x000000000000000c is an unknown value

Top of Stack: (sp=0x000000e5de4f8af8)
0x000000e5de4f8af8:   00007ff91390e2f7 000001ec7d3a8940
0x000000e5de4f8b08:   000001ec7d3d8428 000000e5de4f8c00
0x000000e5de4f8b18:   0000000000060000 000000e500000000
0x000000e5de4f8b28:   0000000000000000 000001ec1510d601
0x000000e5de4f8b38:   0000000000000000 0000000000000000
0x000000e5de4f8b48:   0000000000000000 0000000217480100
0x000000e5de4f8b58:   000001ec14e60000 0000000000000004
0x000000e5de4f8b68:   00007f0000000000 00007ff900000024
0x000000e5de4f8b78:   0000000000000000 0000000000000001
0x000000e5de4f8b88:   00007ff940000000 000001ec7d4670e0
0x000000e5de4f8b98:   0000000000000001 000001ec06080494
0x000000e5de4f8ba8:   000000e500000000 0000000000000003
0x000000e5de4f8bb8:   000000e5de4fc1d0 000000e5de4fab80
0x000000e5de4f8bc8:   000001ec7d3d8428 e455f1377d2ff000
0x000000e5de4f8bd8:   000001ec082f2070 000001ec7d3a8940
0x000000e5de4f8be8:   000001ec7d47a140 000001ec06080498
0x000000e5de4f8bf8:   000000e5de4f78f8 000000e5de4fbee0
0x000000e5de4f8c08:   000001ec7d47a14c 000001ec081dcf58
0x000000e5de4f8c18:   0000000000000001 0000000000000002
0x000000e5de4f8c28:   000001ec00868210 000001ec7d47a154
0x000000e5de4f8c38:   00007ff900000494 000001ec3b72bbd8
0x000000e5de4f8c48:   000001ec3b5e3770 000001ec3b72bbc0
0x000000e5de4f8c58:   000001ec3b5e3770 0000000000000002
0x000000e5de4f8c68:   000001ec3c4909b8 000001ec3d02ec10
0x000000e5de4f8c78:   00007ff9156ad43c 000001ec3b4b1a00
0x000000e5de4f8c88:   0000000000000004 0000000000000002
0x000000e5de4f8c98:   00007ff9156bb0b0 000001ec008681f8
0x000000e5de4f8ca8:   00007ff99d100139 000001ec3b7da180
0x000000e5de4f8cb8:   000001ec14e992a0 0000000000000003
0x000000e5de4f8cc8:   00007ff9153ff31a 000001ec3d02ec10
0x000000e5de4f8cd8:   000001ec3d02ec10 000000e5de4f8e00
0x000000e5de4f8ce8:   000000e5de4f7ab8 0000000000000000 

Instructions: (pc=0x00007ff914290e7b)
0x00007ff914290d7b:   cc cc cc cc cc 45 85 c0 74 19 45 8b c9 45 8b c0
0x00007ff914290d8b:   0f b7 02 49 03 d1 66 89 01 48 8d 49 02 49 83 e8
0x00007ff914290d9b:   01 75 ed c3 cc cc cc cc cc cc cc cc cc cc cc cc
0x00007ff914290dab:   cc cc cc cc cc 45 85 c0 74 1f 45 8b c9 45 8b c0
0x00007ff914290dbb:   0f b7 02 66 89 01 48 8d 49 03 8a 42 02 49 03 d1
0x00007ff914290dcb:   88 41 ff 49 83 e8 01 75 e7 c3 cc cc cc cc cc cc
0x00007ff914290ddb:   cc cc cc cc cc 45 85 c0 74 17 45 8b c9 45 8b c0
0x00007ff914290deb:   8b 02 49 03 d1 89 01 48 8d 49 04 49 83 e8 01 75
0x00007ff914290dfb:   ef c3 cc cc cc cc cc cc cc cc cc cc cc cc cc cc
0x00007ff914290e0b:   cc cc cc cc cc 45 85 c0 74 1f 45 8b c9 45 8b c0
0x00007ff914290e1b:   8b 02 89 01 48 8d 49 06 0f b7 42 04 49 03 d1 66
0x00007ff914290e2b:   89 41 fe 49 83 e8 01 75 e7 c3 cc cc cc cc cc cc
0x00007ff914290e3b:   cc cc cc cc cc 45 85 c0 74 19 45 8b c9 45 8b c0
0x00007ff914290e4b:   48 8b 02 49 03 d1 48 89 01 48 8d 49 08 49 83 e8
0x00007ff914290e5b:   01 75 ed c3 cc cc cc cc cc cc cc cc cc cc cc cc
0x00007ff914290e6b:   cc cc cc cc cc 45 85 c0 74 1f 45 8b c9 45 8b c0
0x00007ff914290e7b:   48 8b 02 48 89 01 48 8d 49 0c 8b 42 08 49 03 d1
0x00007ff914290e8b:   89 41 fc 49 83 e8 01 75 e7 c3 cc cc cc cc cc cc
0x00007ff914290e9b:   cc cc cc cc cc 48 89 5c 24 08 45 85 c0 74 33 41
0x00007ff914290eab:   8b d9 45 8b c8 4c 8b d2 4c 8b c1 4c 2b d1 41 bb
0x00007ff914290ebb:   02 00 00 00 4b 8b 04 10 49 89 00 4d 8d 40 08 49
0x00007ff914290ecb:   83 eb 01 75 ef 48 83 c1 10 48 03 d3 49 83 e9 01
0x00007ff914290edb:   75 d3 48 8b 5c 24 08 c3 cc cc cc cc cc cc cc cc
0x00007ff914290eeb:   cc cc cc cc cc 45 85 c0 74 31 48 83 c1 10 45 8b
0x00007ff914290efb:   c9 48 83 c2 10 45 8b c0 48 8b 42 f0 48 89 41 f0
0x00007ff914290f0b:   48 8b 42 f8 48 89 41 f8 48 8b 02 49 03 d1 48 89
0x00007ff914290f1b:   01 48 8d 49 18 49 83 e8 01 75 dd c3 cc cc cc cc
0x00007ff914290f2b:   cc cc cc cc cc 48 89 5c 24 08 45 85 c0 74 33 41
0x00007ff914290f3b:   8b d9 45 8b c8 4c 8b d2 4c 8b c1 4c 2b d1 41 bb
0x00007ff914290f4b:   04 00 00 00 4b 8b 04 02 49 89 00 4d 8d 40 08 49
0x00007ff914290f5b:   83 eb 01 75 ef 48 83 c1 20 48 03 d3 49 83 e9 01
0x00007ff914290f6b:   75 d3 48 8b 5c 24 08 c3 cc cc cc cc cc cc cc cc 


Stack slot to memory mapping:

stack at sp + 0 slots: 0x00007ff91390e2f7 igxelpicd64.dll
stack at sp + 1 slots: 0x000001ec7d3a8940 points into unknown readable memory: 0x000001ec7d2f93c0 | c0 93 2f 7d ec 01 00 00
stack at sp + 2 slots: 0x000001ec7d3d8428 points into unknown readable memory: 0x0000000000000000 | 00 00 00 00 00 00 00 00
stack at sp + 3 slots: 0x000000e5de4f8c00 is pointing into the stack for thread: 0x000001ec14e992a0
stack at sp + 4 slots: 0x0000000000060000 is an unknown value
stack at sp + 5 slots: 0x000000e500000000 is an unknown value
stack at sp + 6 slots: 0x0 is null
stack at sp + 7 slots: 0x000001ec1510d601 points into unknown readable memory: 5c 8b 38 ec 01 00 00


---------------  P R O C E S S  ---------------

Threads class SMR info:
_java_thread_list=0x000001ec7d267f60, length=12, elements={
0x000001ec14e992a0, 0x000001ec3b4aacc0, 0x000001ec3b4ab720, 0x000001ec3b4acfc0,
0x000001ec3b4ada20, 0x000001ec3b4ae480, 0x000001ec3b4af010, 0x000001ec3b4b3020,
0x000001ec3b4b5ee0, 0x000001ec3b5df980, 0x000001ec7d08ea00, 0x000001ec3b74cf90
}

Java Threads: ( => current thread )
=>0x000001ec14e992a0 JavaThread "main"                              [_thread_in_native, id=16184, stack(0x000000e5de400000,0x000000e5de500000) (1024K)]
  0x000001ec3b4aacc0 JavaThread "Reference Handler"          daemon [_thread_blocked, id=21392, stack(0x000000e5dec00000,0x000000e5ded00000) (1024K)]
  0x000001ec3b4ab720 JavaThread "Finalizer"                  daemon [_thread_blocked, id=31960, stack(0x000000e5ded00000,0x000000e5dee00000) (1024K)]
  0x000001ec3b4acfc0 JavaThread "Signal Dispatcher"          daemon [_thread_blocked, id=28848, stack(0x000000e5dee00000,0x000000e5def00000) (1024K)]
  0x000001ec3b4ada20 JavaThread "Attach Listener"            daemon [_thread_blocked, id=5088, stack(0x000000e5def00000,0x000000e5df000000) (1024K)]
  0x000001ec3b4ae480 JavaThread "Service Thread"             daemon [_thread_blocked, id=33044, stack(0x000000e5df000000,0x000000e5df100000) (1024K)]
  0x000001ec3b4af010 JavaThread "Monitor Deflation Thread"   daemon [_thread_blocked, id=26988, stack(0x000000e5df100000,0x000000e5df200000) (1024K)]
  0x000001ec3b4b3020 JavaThread "C2 CompilerThread0"         daemon [_thread_blocked, id=32056, stack(0x000000e5df200000,0x000000e5df300000) (1024K)]
  0x000001ec3b4b5ee0 JavaThread "C1 CompilerThread0"         daemon [_thread_blocked, id=38264, stack(0x000000e5df300000,0x000000e5df400000) (1024K)]
  0x000001ec3b5df980 JavaThread "Common-Cleaner"             daemon [_thread_blocked, id=2008, stack(0x000000e5df400000,0x000000e5df500000) (1024K)]
  0x000001ec7d08ea00 JavaThread "Monitor Ctrl-Break"         daemon [_thread_in_native, id=27360, stack(0x000000e5df600000,0x000000e5df700000) (1024K)]
  0x000001ec3b74cf90 JavaThread "Notification Thread"        daemon [_thread_blocked, id=33944, stack(0x000000e5df700000,0x000000e5df800000) (1024K)]
Total: 12

Other Threads:
  0x000001ec14e708f0 VMThread "VM Thread"                           [id=33764, stack(0x000000e5deb00000,0x000000e5dec00000) (1024K)]
  0x000001ec389d38d0 WatcherThread "VM Periodic Task Thread"        [id=35588, stack(0x000000e5dea00000,0x000000e5deb00000) (1024K)]
  0x000001ec14e70550 WorkerThread "GC Thread#0"                     [id=38196, stack(0x000000e5de500000,0x000000e5de600000) (1024K)]
  0x000001ec15100270 ConcurrentGCThread "G1 Main Marker"            [id=10196, stack(0x000000e5de600000,0x000000e5de700000) (1024K)]
  0x000001ec14e71770 WorkerThread "G1 Conc#0"                       [id=4512, stack(0x000000e5de700000,0x000000e5de800000) (1024K)]
  0x000001ec388a6060 ConcurrentGCThread "G1 Refine#0"               [id=8584, stack(0x000000e5de800000,0x000000e5de900000) (1024K)]
  0x000001ec388a69e0 ConcurrentGCThread "G1 Service"                [id=33144, stack(0x000000e5de900000,0x000000e5dea00000) (1024K)]
Total: 7

Threads with active compile tasks:
Total: 0

VM state: not at safepoint (normal execution)

VM Mutex/Monitor currently owned by a thread: None

Heap address: 0x0000000606800000, size: 8088 MB, Compressed Oops mode: Zero based, Oop shift amount: 3

CDS archive(s) mapped at: [0x000001ec3c000000-0x000001ec3cc90000-0x000001ec3cc90000), size 13172736, SharedBaseAddress: 0x000001ec3c000000, ArchiveRelocationMode: 1.
Compressed class space mapped at: 0x000001ec3d000000-0x000001ec7d000000, reserved size: 1073741824
Narrow klass base: 0x000001ec3c000000, Narrow klass shift: 0, Narrow klass range: 0x100000000

GC Precious Log:
 CardTable entry size: 512
 Card Set container configuration: InlinePtr #cards 4 size 8 Array Of Cards #cards 32 size 80 Howl #buckets 8 coarsen threshold 7372 Howl Bitmap #cards 1024 size 144 coarsen threshold 921 Card regions per heap region 1 cards per card region 8192
 CPUs: 12 total, 12 available
 Memory: 32336M
 Large Page Support: Disabled
 NUMA Support: Disabled
 Compressed Oops: Enabled (Zero based)
 Heap Region Size: 4M
 Heap Min Capacity: 8M
 Heap Initial Capacity: 508M
 Heap Max Capacity: 8088M
 Pre-touch: Disabled
 Parallel Workers: 10
 Concurrent Workers: 3
 Concurrent Refinement Workers: 10
 Periodic GC: Disabled

Heap:
 garbage-first heap   total 520192K, used 8192K [0x0000000606800000, 0x0000000800000000)
  region size 4096K, 4 young (16384K), 0 survivors (0K)
 Metaspace       used 6574K, committed 6784K, reserved 1114112K
  class space    used 296K, committed 384K, reserved 1048576K

Heap Regions: E=young(eden), S=young(survivor), O=old, HS=humongous(starts), HC=humongous(continues), CS=collection set, F=free, TAMS=top-at-mark-start, PB=parsable bottom
|   0|0x0000000606800000, 0x0000000606800000, 0x0000000606c00000|  0%| F|  |TAMS 0x0000000606800000| PB 0x0000000606800000| Untracked 
|   1|0x0000000606c00000, 0x0000000606c00000, 0x0000000607000000|  0%| F|  |TAMS 0x0000000606c00000| PB 0x0000000606c00000| Untracked 
|   2|0x0000000607000000, 0x0000000607000000, 0x0000000607400000|  0%| F|  |TAMS 0x0000000607000000| PB 0x0000000607000000| Untracked 
|   3|0x0000000607400000, 0x0000000607400000, 0x0000000607800000|  0%| F|  |TAMS 0x0000000607400000| PB 0x0000000607400000| Untracked 
|   4|0x0000000607800000, 0x0000000607800000, 0x0000000607c00000|  0%| F|  |TAMS 0x0000000607800000| PB 0x0000000607800000| Untracked 
|   5|0x0000000607c00000, 0x0000000607c00000, 0x0000000608000000|  0%| F|  |TAMS 0x0000000607c00000| PB 0x0000000607c00000| Untracked 
|   6|0x0000000608000000, 0x0000000608000000, 0x0000000608400000|  0%| F|  |TAMS 0x0000000608000000| PB 0x0000000608000000| Untracked 
|   7|0x0000000608400000, 0x0000000608400000, 0x0000000608800000|  0%| F|  |TAMS 0x0000000608400000| PB 0x0000000608400000| Untracked 
|   8|0x0000000608800000, 0x0000000608800000, 0x0000000608c00000|  0%| F|  |TAMS 0x0000000608800000| PB 0x0000000608800000| Untracked 
|   9|0x0000000608c00000, 0x0000000608c00000, 0x0000000609000000|  0%| F|  |TAMS 0x0000000608c00000| PB 0x0000000608c00000| Untracked 
|  10|0x0000000609000000, 0x0000000609000000, 0x0000000609400000|  0%| F|  |TAMS 0x0000000609000000| PB 0x0000000609000000| Untracked 
|  11|0x0000000609400000, 0x0000000609400000, 0x0000000609800000|  0%| F|  |TAMS 0x0000000609400000| PB 0x0000000609400000| Untracked 
|  12|0x0000000609800000, 0x0000000609800000, 0x0000000609c00000|  0%| F|  |TAMS 0x0000000609800000| PB 0x0000000609800000| Untracked 
|  13|0x0000000609c00000, 0x0000000609c00000, 0x000000060a000000|  0%| F|  |TAMS 0x0000000609c00000| PB 0x0000000609c00000| Untracked 
|  14|0x000000060a000000, 0x000000060a000000, 0x000000060a400000|  0%| F|  |TAMS 0x000000060a000000| PB 0x000000060a000000| Untracked 
|  15|0x000000060a400000, 0x000000060a400000, 0x000000060a800000|  0%| F|  |TAMS 0x000000060a400000| PB 0x000000060a400000| Untracked 
|  16|0x000000060a800000, 0x000000060a800000, 0x000000060ac00000|  0%| F|  |TAMS 0x000000060a800000| PB 0x000000060a800000| Untracked 
|  17|0x000000060ac00000, 0x000000060ac00000, 0x000000060b000000|  0%| F|  |TAMS 0x000000060ac00000| PB 0x000000060ac00000| Untracked 
|  18|0x000000060b000000, 0x000000060b000000, 0x000000060b400000|  0%| F|  |TAMS 0x000000060b000000| PB 0x000000060b000000| Untracked 
|  19|0x000000060b400000, 0x000000060b400000, 0x000000060b800000|  0%| F|  |TAMS 0x000000060b400000| PB 0x000000060b400000| Untracked 
|  20|0x000000060b800000, 0x000000060b800000, 0x000000060bc00000|  0%| F|  |TAMS 0x000000060b800000| PB 0x000000060b800000| Untracked 
|  21|0x000000060bc00000, 0x000000060bc00000, 0x000000060c000000|  0%| F|  |TAMS 0x000000060bc00000| PB 0x000000060bc00000| Untracked 
|  22|0x000000060c000000, 0x000000060c000000, 0x000000060c400000|  0%| F|  |TAMS 0x000000060c000000| PB 0x000000060c000000| Untracked 
|  23|0x000000060c400000, 0x000000060c400000, 0x000000060c800000|  0%| F|  |TAMS 0x000000060c400000| PB 0x000000060c400000| Untracked 
|  24|0x000000060c800000, 0x000000060c800000, 0x000000060cc00000|  0%| F|  |TAMS 0x000000060c800000| PB 0x000000060c800000| Untracked 
|  25|0x000000060cc00000, 0x000000060cc00000, 0x000000060d000000|  0%| F|  |TAMS 0x000000060cc00000| PB 0x000000060cc00000| Untracked 
|  26|0x000000060d000000, 0x000000060d000000, 0x000000060d400000|  0%| F|  |TAMS 0x000000060d000000| PB 0x000000060d000000| Untracked 
|  27|0x000000060d400000, 0x000000060d400000, 0x000000060d800000|  0%| F|  |TAMS 0x000000060d400000| PB 0x000000060d400000| Untracked 
|  28|0x000000060d800000, 0x000000060d800000, 0x000000060dc00000|  0%| F|  |TAMS 0x000000060d800000| PB 0x000000060d800000| Untracked 
|  29|0x000000060dc00000, 0x000000060dc00000, 0x000000060e000000|  0%| F|  |TAMS 0x000000060dc00000| PB 0x000000060dc00000| Untracked 
|  30|0x000000060e000000, 0x000000060e000000, 0x000000060e400000|  0%| F|  |TAMS 0x000000060e000000| PB 0x000000060e000000| Untracked 
|  31|0x000000060e400000, 0x000000060e400000, 0x000000060e800000|  0%| F|  |TAMS 0x000000060e400000| PB 0x000000060e400000| Untracked 
|  32|0x000000060e800000, 0x000000060e800000, 0x000000060ec00000|  0%| F|  |TAMS 0x000000060e800000| PB 0x000000060e800000| Untracked 
|  33|0x000000060ec00000, 0x000000060ec00000, 0x000000060f000000|  0%| F|  |TAMS 0x000000060ec00000| PB 0x000000060ec00000| Untracked 
|  34|0x000000060f000000, 0x000000060f000000, 0x000000060f400000|  0%| F|  |TAMS 0x000000060f000000| PB 0x000000060f000000| Untracked 
|  35|0x000000060f400000, 0x000000060f400000, 0x000000060f800000|  0%| F|  |TAMS 0x000000060f400000| PB 0x000000060f400000| Untracked 
|  36|0x000000060f800000, 0x000000060f800000, 0x000000060fc00000|  0%| F|  |TAMS 0x000000060f800000| PB 0x000000060f800000| Untracked 
|  37|0x000000060fc00000, 0x000000060fc00000, 0x0000000610000000|  0%| F|  |TAMS 0x000000060fc00000| PB 0x000000060fc00000| Untracked 
|  38|0x0000000610000000, 0x0000000610000000, 0x0000000610400000|  0%| F|  |TAMS 0x0000000610000000| PB 0x0000000610000000| Untracked 
|  39|0x0000000610400000, 0x0000000610400000, 0x0000000610800000|  0%| F|  |TAMS 0x0000000610400000| PB 0x0000000610400000| Untracked 
|  40|0x0000000610800000, 0x0000000610800000, 0x0000000610c00000|  0%| F|  |TAMS 0x0000000610800000| PB 0x0000000610800000| Untracked 
|  41|0x0000000610c00000, 0x0000000610c00000, 0x0000000611000000|  0%| F|  |TAMS 0x0000000610c00000| PB 0x0000000610c00000| Untracked 
|  42|0x0000000611000000, 0x0000000611000000, 0x0000000611400000|  0%| F|  |TAMS 0x0000000611000000| PB 0x0000000611000000| Untracked 
|  43|0x0000000611400000, 0x0000000611400000, 0x0000000611800000|  0%| F|  |TAMS 0x0000000611400000| PB 0x0000000611400000| Untracked 
|  44|0x0000000611800000, 0x0000000611800000, 0x0000000611c00000|  0%| F|  |TAMS 0x0000000611800000| PB 0x0000000611800000| Untracked 
|  45|0x0000000611c00000, 0x0000000611c00000, 0x0000000612000000|  0%| F|  |TAMS 0x0000000611c00000| PB 0x0000000611c00000| Untracked 
|  46|0x0000000612000000, 0x0000000612000000, 0x0000000612400000|  0%| F|  |TAMS 0x0000000612000000| PB 0x0000000612000000| Untracked 
|  47|0x0000000612400000, 0x0000000612400000, 0x0000000612800000|  0%| F|  |TAMS 0x0000000612400000| PB 0x0000000612400000| Untracked 
|  48|0x0000000612800000, 0x0000000612800000, 0x0000000612c00000|  0%| F|  |TAMS 0x0000000612800000| PB 0x0000000612800000| Untracked 
|  49|0x0000000612c00000, 0x0000000612c00000, 0x0000000613000000|  0%| F|  |TAMS 0x0000000612c00000| PB 0x0000000612c00000| Untracked 
|  50|0x0000000613000000, 0x0000000613000000, 0x0000000613400000|  0%| F|  |TAMS 0x0000000613000000| PB 0x0000000613000000| Untracked 
|  51|0x0000000613400000, 0x0000000613400000, 0x0000000613800000|  0%| F|  |TAMS 0x0000000613400000| PB 0x0000000613400000| Untracked 
|  52|0x0000000613800000, 0x0000000613800000, 0x0000000613c00000|  0%| F|  |TAMS 0x0000000613800000| PB 0x0000000613800000| Untracked 
|  53|0x0000000613c00000, 0x0000000613c00000, 0x0000000614000000|  0%| F|  |TAMS 0x0000000613c00000| PB 0x0000000613c00000| Untracked 
|  54|0x0000000614000000, 0x0000000614000000, 0x0000000614400000|  0%| F|  |TAMS 0x0000000614000000| PB 0x0000000614000000| Untracked 
|  55|0x0000000614400000, 0x0000000614400000, 0x0000000614800000|  0%| F|  |TAMS 0x0000000614400000| PB 0x0000000614400000| Untracked 
|  56|0x0000000614800000, 0x0000000614800000, 0x0000000614c00000|  0%| F|  |TAMS 0x0000000614800000| PB 0x0000000614800000| Untracked 
|  57|0x0000000614c00000, 0x0000000614c00000, 0x0000000615000000|  0%| F|  |TAMS 0x0000000614c00000| PB 0x0000000614c00000| Untracked 
|  58|0x0000000615000000, 0x0000000615000000, 0x0000000615400000|  0%| F|  |TAMS 0x0000000615000000| PB 0x0000000615000000| Untracked 
|  59|0x0000000615400000, 0x0000000615400000, 0x0000000615800000|  0%| F|  |TAMS 0x0000000615400000| PB 0x0000000615400000| Untracked 
|  60|0x0000000615800000, 0x0000000615800000, 0x0000000615c00000|  0%| F|  |TAMS 0x0000000615800000| PB 0x0000000615800000| Untracked 
|  61|0x0000000615c00000, 0x0000000615c00000, 0x0000000616000000|  0%| F|  |TAMS 0x0000000615c00000| PB 0x0000000615c00000| Untracked 
|  62|0x0000000616000000, 0x0000000616000000, 0x0000000616400000|  0%| F|  |TAMS 0x0000000616000000| PB 0x0000000616000000| Untracked 
|  63|0x0000000616400000, 0x0000000616400000, 0x0000000616800000|  0%| F|  |TAMS 0x0000000616400000| PB 0x0000000616400000| Untracked 
|  64|0x0000000616800000, 0x0000000616800000, 0x0000000616c00000|  0%| F|  |TAMS 0x0000000616800000| PB 0x0000000616800000| Untracked 
|  65|0x0000000616c00000, 0x0000000616c00000, 0x0000000617000000|  0%| F|  |TAMS 0x0000000616c00000| PB 0x0000000616c00000| Untracked 
|  66|0x0000000617000000, 0x0000000617000000, 0x0000000617400000|  0%| F|  |TAMS 0x0000000617000000| PB 0x0000000617000000| Untracked 
|  67|0x0000000617400000, 0x0000000617400000, 0x0000000617800000|  0%| F|  |TAMS 0x0000000617400000| PB 0x0000000617400000| Untracked 
|  68|0x0000000617800000, 0x0000000617800000, 0x0000000617c00000|  0%| F|  |TAMS 0x0000000617800000| PB 0x0000000617800000| Untracked 
|  69|0x0000000617c00000, 0x0000000617c00000, 0x0000000618000000|  0%| F|  |TAMS 0x0000000617c00000| PB 0x0000000617c00000| Untracked 
|  70|0x0000000618000000, 0x0000000618000000, 0x0000000618400000|  0%| F|  |TAMS 0x0000000618000000| PB 0x0000000618000000| Untracked 
|  71|0x0000000618400000, 0x0000000618400000, 0x0000000618800000|  0%| F|  |TAMS 0x0000000618400000| PB 0x0000000618400000| Untracked 
|  72|0x0000000618800000, 0x0000000618800000, 0x0000000618c00000|  0%| F|  |TAMS 0x0000000618800000| PB 0x0000000618800000| Untracked 
|  73|0x0000000618c00000, 0x0000000618c00000, 0x0000000619000000|  0%| F|  |TAMS 0x0000000618c00000| PB 0x0000000618c00000| Untracked 
|  74|0x0000000619000000, 0x0000000619000000, 0x0000000619400000|  0%| F|  |TAMS 0x0000000619000000| PB 0x0000000619000000| Untracked 
|  75|0x0000000619400000, 0x0000000619400000, 0x0000000619800000|  0%| F|  |TAMS 0x0000000619400000| PB 0x0000000619400000| Untracked 
|  76|0x0000000619800000, 0x0000000619800000, 0x0000000619c00000|  0%| F|  |TAMS 0x0000000619800000| PB 0x0000000619800000| Untracked 
|  77|0x0000000619c00000, 0x0000000619c00000, 0x000000061a000000|  0%| F|  |TAMS 0x0000000619c00000| PB 0x0000000619c00000| Untracked 
|  78|0x000000061a000000, 0x000000061a000000, 0x000000061a400000|  0%| F|  |TAMS 0x000000061a000000| PB 0x000000061a000000| Untracked 
|  79|0x000000061a400000, 0x000000061a400000, 0x000000061a800000|  0%| F|  |TAMS 0x000000061a400000| PB 0x000000061a400000| Untracked 
|  80|0x000000061a800000, 0x000000061a800000, 0x000000061ac00000|  0%| F|  |TAMS 0x000000061a800000| PB 0x000000061a800000| Untracked 
|  81|0x000000061ac00000, 0x000000061ac00000, 0x000000061b000000|  0%| F|  |TAMS 0x000000061ac00000| PB 0x000000061ac00000| Untracked 
|  82|0x000000061b000000, 0x000000061b000000, 0x000000061b400000|  0%| F|  |TAMS 0x000000061b000000| PB 0x000000061b000000| Untracked 
|  83|0x000000061b400000, 0x000000061b400000, 0x000000061b800000|  0%| F|  |TAMS 0x000000061b400000| PB 0x000000061b400000| Untracked 
|  84|0x000000061b800000, 0x000000061b800000, 0x000000061bc00000|  0%| F|  |TAMS 0x000000061b800000| PB 0x000000061b800000| Untracked 
|  85|0x000000061bc00000, 0x000000061bc00000, 0x000000061c000000|  0%| F|  |TAMS 0x000000061bc00000| PB 0x000000061bc00000| Untracked 
|  86|0x000000061c000000, 0x000000061c000000, 0x000000061c400000|  0%| F|  |TAMS 0x000000061c000000| PB 0x000000061c000000| Untracked 
|  87|0x000000061c400000, 0x000000061c400000, 0x000000061c800000|  0%| F|  |TAMS 0x000000061c400000| PB 0x000000061c400000| Untracked 
|  88|0x000000061c800000, 0x000000061c800000, 0x000000061cc00000|  0%| F|  |TAMS 0x000000061c800000| PB 0x000000061c800000| Untracked 
|  89|0x000000061cc00000, 0x000000061cc00000, 0x000000061d000000|  0%| F|  |TAMS 0x000000061cc00000| PB 0x000000061cc00000| Untracked 
|  90|0x000000061d000000, 0x000000061d000000, 0x000000061d400000|  0%| F|  |TAMS 0x000000061d000000| PB 0x000000061d000000| Untracked 
|  91|0x000000061d400000, 0x000000061d400000, 0x000000061d800000|  0%| F|  |TAMS 0x000000061d400000| PB 0x000000061d400000| Untracked 
|  92|0x000000061d800000, 0x000000061d800000, 0x000000061dc00000|  0%| F|  |TAMS 0x000000061d800000| PB 0x000000061d800000| Untracked 
|  93|0x000000061dc00000, 0x000000061dc00000, 0x000000061e000000|  0%| F|  |TAMS 0x000000061dc00000| PB 0x000000061dc00000| Untracked 
|  94|0x000000061e000000, 0x000000061e000000, 0x000000061e400000|  0%| F|  |TAMS 0x000000061e000000| PB 0x000000061e000000| Untracked 
|  95|0x000000061e400000, 0x000000061e400000, 0x000000061e800000|  0%| F|  |TAMS 0x000000061e400000| PB 0x000000061e400000| Untracked 
|  96|0x000000061e800000, 0x000000061e800000, 0x000000061ec00000|  0%| F|  |TAMS 0x000000061e800000| PB 0x000000061e800000| Untracked 
|  97|0x000000061ec00000, 0x000000061ec00000, 0x000000061f000000|  0%| F|  |TAMS 0x000000061ec00000| PB 0x000000061ec00000| Untracked 
|  98|0x000000061f000000, 0x000000061f000000, 0x000000061f400000|  0%| F|  |TAMS 0x000000061f000000| PB 0x000000061f000000| Untracked 
|  99|0x000000061f400000, 0x000000061f400000, 0x000000061f800000|  0%| F|  |TAMS 0x000000061f400000| PB 0x000000061f400000| Untracked 
| 100|0x000000061f800000, 0x000000061f800000, 0x000000061fc00000|  0%| F|  |TAMS 0x000000061f800000| PB 0x000000061f800000| Untracked 
| 101|0x000000061fc00000, 0x000000061fc00000, 0x0000000620000000|  0%| F|  |TAMS 0x000000061fc00000| PB 0x000000061fc00000| Untracked 
| 102|0x0000000620000000, 0x0000000620000000, 0x0000000620400000|  0%| F|  |TAMS 0x0000000620000000| PB 0x0000000620000000| Untracked 
| 103|0x0000000620400000, 0x0000000620400000, 0x0000000620800000|  0%| F|  |TAMS 0x0000000620400000| PB 0x0000000620400000| Untracked 
| 104|0x0000000620800000, 0x0000000620800000, 0x0000000620c00000|  0%| F|  |TAMS 0x0000000620800000| PB 0x0000000620800000| Untracked 
| 105|0x0000000620c00000, 0x0000000620c00000, 0x0000000621000000|  0%| F|  |TAMS 0x0000000620c00000| PB 0x0000000620c00000| Untracked 
| 106|0x0000000621000000, 0x0000000621000000, 0x0000000621400000|  0%| F|  |TAMS 0x0000000621000000| PB 0x0000000621000000| Untracked 
| 107|0x0000000621400000, 0x0000000621400000, 0x0000000621800000|  0%| F|  |TAMS 0x0000000621400000| PB 0x0000000621400000| Untracked 
| 108|0x0000000621800000, 0x0000000621800000, 0x0000000621c00000|  0%| F|  |TAMS 0x0000000621800000| PB 0x0000000621800000| Untracked 
| 109|0x0000000621c00000, 0x0000000621c00000, 0x0000000622000000|  0%| F|  |TAMS 0x0000000621c00000| PB 0x0000000621c00000| Untracked 
| 110|0x0000000622000000, 0x0000000622000000, 0x0000000622400000|  0%| F|  |TAMS 0x0000000622000000| PB 0x0000000622000000| Untracked 
| 111|0x0000000622400000, 0x0000000622400000, 0x0000000622800000|  0%| F|  |TAMS 0x0000000622400000| PB 0x0000000622400000| Untracked 
| 112|0x0000000622800000, 0x0000000622800000, 0x0000000622c00000|  0%| F|  |TAMS 0x0000000622800000| PB 0x0000000622800000| Untracked 
| 113|0x0000000622c00000, 0x0000000622c00000, 0x0000000623000000|  0%| F|  |TAMS 0x0000000622c00000| PB 0x0000000622c00000| Untracked 
| 114|0x0000000623000000, 0x0000000623000000, 0x0000000623400000|  0%| F|  |TAMS 0x0000000623000000| PB 0x0000000623000000| Untracked 
| 115|0x0000000623400000, 0x0000000623400000, 0x0000000623800000|  0%| F|  |TAMS 0x0000000623400000| PB 0x0000000623400000| Untracked 
| 116|0x0000000623800000, 0x0000000623800000, 0x0000000623c00000|  0%| F|  |TAMS 0x0000000623800000| PB 0x0000000623800000| Untracked 
| 117|0x0000000623c00000, 0x0000000623c00000, 0x0000000624000000|  0%| F|  |TAMS 0x0000000623c00000| PB 0x0000000623c00000| Untracked 
| 118|0x0000000624000000, 0x0000000624000000, 0x0000000624400000|  0%| F|  |TAMS 0x0000000624000000| PB 0x0000000624000000| Untracked 
| 119|0x0000000624400000, 0x0000000624400000, 0x0000000624800000|  0%| F|  |TAMS 0x0000000624400000| PB 0x0000000624400000| Untracked 
| 120|0x0000000624800000, 0x0000000624800000, 0x0000000624c00000|  0%| F|  |TAMS 0x0000000624800000| PB 0x0000000624800000| Untracked 
| 121|0x0000000624c00000, 0x0000000624c00000, 0x0000000625000000|  0%| F|  |TAMS 0x0000000624c00000| PB 0x0000000624c00000| Untracked 
| 122|0x0000000625000000, 0x0000000625000000, 0x0000000625400000|  0%| F|  |TAMS 0x0000000625000000| PB 0x0000000625000000| Untracked 
| 123|0x0000000625400000, 0x00000006257f1850, 0x0000000625800000| 98%| E|  |TAMS 0x0000000625400000| PB 0x0000000625400000| Complete 
| 124|0x0000000625800000, 0x0000000625c00000, 0x0000000625c00000|100%| E|CS|TAMS 0x0000000625800000| PB 0x0000000625800000| Complete 
| 125|0x0000000625c00000, 0x0000000626000000, 0x0000000626000000|100%| E|CS|TAMS 0x0000000625c00000| PB 0x0000000625c00000| Complete 
| 126|0x0000000626000000, 0x0000000626400000, 0x0000000626400000|100%| E|  |TAMS 0x0000000626000000| PB 0x0000000626000000| Complete 

Card table byte_map: [0x000001ec2f920000,0x000001ec308f0000] _byte_map_base: 0x000001ec2c8ec000

Marking Bits: (CMBitMap*) 0x000001ec38820750
 Bits: [0x000001ec308f0000, 0x000001ec38750000)

Polling page: 0x000001ec15140000

Metaspace:

Usage:
  Non-class:      6.13 MB used.
      Class:    296.97 KB used.
       Both:      6.42 MB used.

Virtual space:
  Non-class space:       64.00 MB reserved,       6.25 MB ( 10%) committed,  1 nodes.
      Class space:        1.00 GB reserved,     384.00 KB ( <1%) committed,  1 nodes.
             Both:        1.06 GB reserved,       6.62 MB ( <1%) committed. 

Chunk freelists:
   Non-Class:  7.58 MB
       Class:  15.57 MB
        Both:  23.15 MB

MaxMetaspaceSize: unlimited
CompressedClassSpaceSize: 1.00 GB
Initial GC threshold: 21.00 MB
Current GC threshold: 21.00 MB
CDS: on
 - commit_granule_bytes: 65536.
 - commit_granule_words: 8192.
 - virtual_space_node_default_size: 8388608.
 - enlarge_chunks_in_place: 1.
 - use_allocation_guard: 0.


Internal statistics:

num_allocs_failed_limit: 0.
num_arena_births: 82.
num_arena_deaths: 0.
num_vsnodes_births: 2.
num_vsnodes_deaths: 0.
num_space_committed: 104.
num_space_uncommitted: 0.
num_chunks_returned_to_freelist: 0.
num_chunks_taken_from_freelist: 257.
num_chunk_merges: 0.
num_chunk_splits: 195.
num_chunks_enlarged: 154.
num_inconsistent_stats: 0.

CodeHeap 'non-profiled nmethods': size=120000Kb used=254Kb max_used=254Kb free=119745Kb
 bounds [0x000001ec26790000, 0x000001ec26a00000, 0x000001ec2dcc0000]
CodeHeap 'profiled nmethods': size=120000Kb used=1153Kb max_used=1153Kb free=118846Kb
 bounds [0x000001ec1ecc0000, 0x000001ec1ef30000, 0x000001ec261f0000]
CodeHeap 'non-nmethods': size=5760Kb used=2221Kb max_used=2229Kb free=3538Kb
 bounds [0x000001ec261f0000, 0x000001ec26460000, 0x000001ec26790000]
 total_blobs=1952 nmethods=784 adapters=1073
 compilation: enabled
              stopped_count=0, restarted_count=0
 full_count=0

Compilation events (20 events):
Event: 2.572 Thread 0x000001ec3b4b5ee0  775       3       jdk.internal.org.objectweb.asm.Frame::getAbstractTypeFromDescriptor (415 bytes)
Event: 2.575 Thread 0x000001ec3b4b5ee0 nmethod 775 0x000001ec1edd8a10 code [0x000001ec1edd8dc0, 0x000001ec1edda978]
Event: 2.578 Thread 0x000001ec3b4b5ee0  776       3       sun.net.util.IPAddressUtil::checkHostString (64 bytes)
Event: 2.578 Thread 0x000001ec3b4b5ee0 nmethod 776 0x000001ec1eddb290 code [0x000001ec1eddb460, 0x000001ec1eddb678]
Event: 2.578 Thread 0x000001ec3b4b5ee0  777       3       sun.net.util.IPAddressUtil::checkHost (156 bytes)
Event: 2.581 Thread 0x000001ec3b4b5ee0 nmethod 777 0x000001ec1eddb790 code [0x000001ec1eddbc20, 0x000001ec1eddd928]
Event: 2.581 Thread 0x000001ec3b4b5ee0  778       3       sun.net.util.IPAddressUtil::scan (92 bytes)
Event: 2.583 Thread 0x000001ec3b4b5ee0 nmethod 778 0x000001ec1edde410 code [0x000001ec1edde680, 0x000001ec1eddf208]
Event: 2.583 Thread 0x000001ec3b4b5ee0  779       1       java.util.jar.Manifest::getEntries (5 bytes)
Event: 2.583 Thread 0x000001ec3b4b5ee0 nmethod 779 0x000001ec267ceb10 code [0x000001ec267ceca0, 0x000001ec267ced70]
Event: 2.583 Thread 0x000001ec3b4b5ee0  780       1       java.util.jar.Manifest::getMainAttributes (5 bytes)
Event: 2.583 Thread 0x000001ec3b4b5ee0 nmethod 780 0x000001ec267cee10 code [0x000001ec267cefa0, 0x000001ec267cf070]
Event: 2.583 Thread 0x000001ec3b4b5ee0  781       1       java.util.zip.ZipEntry::getCrc (5 bytes)
Event: 2.584 Thread 0x000001ec3b4b5ee0 nmethod 781 0x000001ec267cf110 code [0x000001ec267cf2a0, 0x000001ec267cf368]
Event: 2.586 Thread 0x000001ec3b4b5ee0  783       3       java.lang.System$2::findBootstrapClassOrNull (5 bytes)
Event: 2.587 Thread 0x000001ec3b4b5ee0 nmethod 783 0x000001ec1eddf710 code [0x000001ec1eddf8e0, 0x000001ec1eddfb00]
Event: 2.587 Thread 0x000001ec3b4b5ee0  784       3       java.lang.ClassLoader::findBootstrapClassOrNull (14 bytes)
Event: 2.587 Thread 0x000001ec3b4b5ee0 nmethod 784 0x000001ec1eddfc10 code [0x000001ec1eddfde0, 0x000001ec1eddffb0]
Event: 2.587 Thread 0x000001ec3b4b5ee0  785       3       java.io.FileSystem::hasBooleanAttributes (17 bytes)
Event: 2.587 Thread 0x000001ec3b4b5ee0 nmethod 785 0x000001ec1ede0090 code [0x000001ec1ede0240, 0x000001ec1ede03f8]

GC Heap History (0 events):
No events

Dll operation events (13 events):
Event: 0.036 Loaded shared library C:\Users\tibur\.jdks\openjdk-21.0.1\bin\java.dll
Event: 0.135 Loaded shared library C:\Users\tibur\.jdks\openjdk-21.0.1\bin\jsvml.dll
Event: 0.291 Loaded shared library C:\Users\tibur\.jdks\openjdk-21.0.1\bin\zip.dll
Event: 0.299 Loaded shared library C:\Users\tibur\.jdks\openjdk-21.0.1\bin\instrument.dll
Event: 0.312 Loaded shared library C:\Users\tibur\.jdks\openjdk-21.0.1\bin\net.dll
Event: 0.317 Loaded shared library C:\Users\tibur\.jdks\openjdk-21.0.1\bin\nio.dll
Event: 0.326 Loaded shared library C:\Users\tibur\.jdks\openjdk-21.0.1\bin\zip.dll
Event: 0.464 Loaded shared library C:\Users\tibur\AppData\Local\JetBrains\IntelliJ IDEA Community Edition 2023.3.1\bin\breakgen64.dll
Event: 0.488 Loaded shared library C:\Users\tibur\.jdks\openjdk-21.0.1\bin\verify.dll
Event: 0.495 Loaded shared library C:\Users\tibur\.jdks\openjdk-21.0.1\bin\extnet.dll
Event: 0.565 Loaded shared library C:\Users\tibur\.jdks\openjdk-21.0.1\bin\jimage.dll
Event: 0.618 Loaded shared library C:\Users\tibur\AppData\Local\Temp\lwjgl_Teo\3.3.5+5\x64\lwjgl.dll
Event: 1.473 Loaded shared library C:\Users\tibur\AppData\Local\Temp\lwjgl_Teo\3.3.5+5\x64\lwjgl_opengl.dll

Deoptimization events (20 events):
Event: 0.467 Thread 0x000001ec14e992a0 DEOPT PACKING pc=0x000001ec26794d64 sp=0x000000e5de4feb90
Event: 0.467 Thread 0x000001ec14e992a0 DEOPT UNPACKING pc=0x000001ec262446a2 sp=0x000000e5de4fead0 mode 2
Event: 0.511 Thread 0x000001ec14e992a0 DEOPT PACKING pc=0x000001ec1ecc7561 sp=0x000000e5de4fd150
Event: 0.511 Thread 0x000001ec14e992a0 DEOPT UNPACKING pc=0x000001ec26244e42 sp=0x000000e5de4fc5b8 mode 0
Event: 0.600 Thread 0x000001ec14e992a0 Uncommon trap: trap_request=0xffffff45 fr.pc=0x000001ec267a5d10 relative=0x0000000000000070
Event: 0.600 Thread 0x000001ec14e992a0 Uncommon trap: reason=unstable_if action=reinterpret pc=0x000001ec267a5d10 method=java.io.WinNTFileSystem.isSlash(C)Z @ 9 c2
Event: 0.600 Thread 0x000001ec14e992a0 DEOPT PACKING pc=0x000001ec267a5d10 sp=0x000000e5de4fcf00
Event: 0.600 Thread 0x000001ec14e992a0 DEOPT UNPACKING pc=0x000001ec262446a2 sp=0x000000e5de4fce88 mode 2
Event: 1.475 Thread 0x000001ec14e992a0 Uncommon trap: trap_request=0xffffffde fr.pc=0x000001ec267c14d8 relative=0x00000000000002f8
Event: 1.475 Thread 0x000001ec14e992a0 Uncommon trap: reason=class_check action=maybe_recompile pc=0x000001ec267c14d8 method=java.util.regex.Pattern$BmpCharPropertyGreedy.match(Ljava/util/regex/Matcher;ILjava/lang/CharSequence;)Z @ 26 c2
Event: 1.475 Thread 0x000001ec14e992a0 DEOPT PACKING pc=0x000001ec267c14d8 sp=0x000000e5de4fdee0
Event: 1.475 Thread 0x000001ec14e992a0 DEOPT UNPACKING pc=0x000001ec262446a2 sp=0x000000e5de4fde98 mode 2
Event: 1.504 Thread 0x000001ec14e992a0 Uncommon trap: trap_request=0xffffff54 fr.pc=0x000001ec267c4e90 relative=0x0000000000000070
Event: 1.504 Thread 0x000001ec14e992a0 Uncommon trap: reason=speculate_null_assert action=make_not_entrant pc=0x000001ec267c4e90 method=sun.misc.Unsafe.putLong(Ljava/lang/Object;JJ)V @ 7 c2
Event: 1.504 Thread 0x000001ec14e992a0 DEOPT PACKING pc=0x000001ec267c4e90 sp=0x000000e5de4fed30
Event: 1.504 Thread 0x000001ec14e992a0 DEOPT UNPACKING pc=0x000001ec262446a2 sp=0x000000e5de4feca8 mode 2
Event: 2.270 Thread 0x000001ec14e992a0 Uncommon trap: trap_request=0xffffff54 fr.pc=0x000001ec267c680c relative=0x000000000000006c
Event: 2.270 Thread 0x000001ec14e992a0 Uncommon trap: reason=speculate_null_assert action=make_not_entrant pc=0x000001ec267c680c method=sun.misc.Unsafe.getLong(Ljava/lang/Object;J)J @ 5 c2
Event: 2.270 Thread 0x000001ec14e992a0 DEOPT PACKING pc=0x000001ec267c680c sp=0x000000e5de4fef40
Event: 2.271 Thread 0x000001ec14e992a0 DEOPT UNPACKING pc=0x000001ec262446a2 sp=0x000000e5de4feec8 mode 2

Classes loaded (20 events):
Event: 1.148 Loading class sun/util/resources/cldr/TimeZoneNames_en
Event: 1.149 Loading class sun/util/resources/cldr/TimeZoneNames_en done
Event: 1.150 Loading class sun/util/resources/cldr/TimeZoneNames_en_US
Event: 1.150 Loading class sun/util/resources/cldr/TimeZoneNames_en_US done
Event: 1.152 Loading class java/util/LinkedHashMap$LinkedKeySet
Event: 1.152 Loading class java/util/LinkedHashMap$LinkedKeySet done
Event: 1.490 Loading class java/util/Formatter$FixedString
Event: 1.490 Loading class java/util/Formatter$FixedString done
Event: 1.834 Loading class java/nio/InvalidMarkException
Event: 1.834 Loading class java/nio/InvalidMarkException done
Event: 1.834 Loading class java/nio/BufferUnderflowException
Event: 1.834 Loading class java/nio/BufferUnderflowException done
Event: 2.315 Loading class sun/text/resources/cldr/FormatData_en
Event: 2.316 Loading class sun/text/resources/cldr/FormatData_en done
Event: 2.316 Loading class sun/text/resources/cldr/FormatData_en_US
Event: 2.316 Loading class sun/text/resources/cldr/FormatData_en_US done
Event: 2.327 Loading class java/lang/NumberFormatException
Event: 2.327 Loading class java/lang/NumberFormatException done
Event: 2.403 Loading class java/lang/SecurityException
Event: 2.403 Loading class java/lang/SecurityException done

Classes unloaded (0 events):
No events

Classes redefined (0 events):
No events

Internal exceptions (20 events):
Event: 0.550 Thread 0x000001ec14e992a0 Exception <a 'java/lang/NoSuchMethodError'{0x0000000625ecb400}: 'void java.lang.invoke.DelegatingMethodHandle$Holder.delegate(java.lang.Object, java.lang.Object, int, java.lang.Object)'> (0x0000000625ecb400) 
thrown [s\open\src\hotspot\share\interpreter\linkResolver.cpp, line 773]
Event: 0.552 Thread 0x000001ec14e992a0 Exception <a 'java/lang/NoSuchMethodError'{0x0000000625ecf0e0}: 'int java.lang.invoke.DirectMethodHandle$Holder.invokeSpecial(java.lang.Object, java.lang.Object, java.lang.Object)'> (0x0000000625ecf0e0) 
thrown [s\open\src\hotspot\share\interpreter\linkResolver.cpp, line 773]
Event: 0.560 Thread 0x000001ec14e992a0 Exception <a 'java/lang/NoSuchMethodError'{0x0000000625ee8250}: 'void java.lang.System.loadLibrary(java.lang.String, java.lang.Class)'> (0x0000000625ee8250) 
thrown [s\open\src\hotspot\share\interpreter\linkResolver.cpp, line 773]
Event: 0.630 Thread 0x000001ec14e992a0 Exception <a 'sun/nio/fs/WindowsException'{0x0000000625f1c6e8}> (0x0000000625f1c6e8) 
thrown [s\open\src\hotspot\share\prims\jni.cpp, line 520]
Event: 0.631 Thread 0x000001ec14e992a0 Exception <a 'sun/nio/fs/WindowsException'{0x0000000625f1cc08}> (0x0000000625f1cc08) 
thrown [s\open\src\hotspot\share\prims\jni.cpp, line 520]
Event: 0.661 Thread 0x000001ec14e992a0 Exception <a 'sun/nio/fs/WindowsException'{0x0000000625f4c428}> (0x0000000625f4c428) 
thrown [s\open\src\hotspot\share\prims\jni.cpp, line 520]
Event: 0.662 Thread 0x000001ec14e992a0 Exception <a 'sun/nio/fs/WindowsException'{0x0000000625f4c780}> (0x0000000625f4c780) 
thrown [s\open\src\hotspot\share\prims\jni.cpp, line 520]
Event: 0.690 Thread 0x000001ec14e992a0 Exception <a 'java/lang/NoSuchMethodError'{0x0000000625fb8140}: 'int java.lang.invoke.DirectMethodHandle$Holder.invokeStaticInit(java.lang.Object, java.lang.Object, int, long)'> (0x0000000625fb8140) 
thrown [s\open\src\hotspot\share\interpreter\linkResolver.cpp, line 773]
Event: 0.692 Thread 0x000001ec14e992a0 Exception <a 'java/lang/NoSuchMethodError'{0x0000000625fbd450}: 'java.lang.Object java.lang.invoke.DirectMethodHandle$Holder.newInvokeSpecial(java.lang.Object, java.lang.Object, int)'> (0x0000000625fbd450) 
thrown [s\open\src\hotspot\share\interpreter\linkResolver.cpp, line 773]
Event: 0.698 Thread 0x000001ec14e992a0 Exception <a 'java/lang/NoSuchMethodError'{0x0000000625fcb9f8}: 'int java.lang.invoke.DirectMethodHandle$Holder.invokeStaticInit(java.lang.Object, java.lang.Object, long, long)'> (0x0000000625fcb9f8) 
thrown [s\open\src\hotspot\share\interpreter\linkResolver.cpp, line 773]
Event: 0.699 Thread 0x000001ec14e992a0 Exception <a 'java/lang/NoSuchMethodError'{0x0000000625fd1510}: 'java.lang.Object java.lang.invoke.DirectMethodHandle$Holder.newInvokeSpecial(java.lang.Object, java.lang.Object, long)'> (0x0000000625fd1510) 
thrown [s\open\src\hotspot\share\interpreter\linkResolver.cpp, line 773]
Event: 0.700 Thread 0x000001ec14e992a0 Exception <a 'java/lang/NoSuchMethodError'{0x0000000625fd5578}: 'java.lang.Object java.lang.invoke.Invokers$Holder.linkToTargetMethod(java.lang.Object, long, java.lang.Object)'> (0x0000000625fd5578) 
thrown [s\open\src\hotspot\share\interpreter\linkResolver.cpp, line 773]
Event: 0.702 Thread 0x000001ec14e992a0 Exception <a 'java/lang/NoSuchMethodError'{0x0000000625fdc600}: 'int java.lang.invoke.DirectMethodHandle$Holder.invokeStaticInit(java.lang.Object, java.lang.Object, java.lang.Object, long)'> (0x0000000625fdc600) 
thrown [s\open\src\hotspot\share\interpreter\linkResolver.cpp, line 773]
Event: 1.154 Thread 0x000001ec3b4ada20 Exception <a 'java/lang/NoSuchMethodError'{0x00000006259128f0}: 'java.lang.Object java.lang.invoke.Invokers$Holder.invokeExact_MT(java.lang.Object, java.lang.Object, java.lang.Object, java.lang.Object, java.lang.Object, java.lang.Object)'> (0x00000006259128f0) 
thrown [s\open\src\hotspot\share\interpreter\linkResolver.cpp, line 773]
Event: 1.449 Thread 0x000001ec14e992a0 Exception <a 'java/lang/NoSuchMethodError'{0x000000062584d080}: 'void java.lang.System.load(java.lang.String, java.lang.Class)'> (0x000000062584d080) 
thrown [s\open\src\hotspot\share\interpreter\linkResolver.cpp, line 773]
Event: 1.451 Thread 0x000001ec14e992a0 Exception <a 'java/lang/NoSuchMethodError'{0x000000062584fa20}: 'void java.lang.System.loadLibrary(java.lang.String, java.lang.Class)'> (0x000000062584fa20) 
thrown [s\open\src\hotspot\share\interpreter\linkResolver.cpp, line 773]
Event: 1.465 Thread 0x000001ec14e992a0 Exception <a 'sun/nio/fs/WindowsException'{0x000000062585f660}> (0x000000062585f660) 
thrown [s\open\src\hotspot\share\prims\jni.cpp, line 520]
Event: 1.465 Thread 0x000001ec14e992a0 Exception <a 'sun/nio/fs/WindowsException'{0x000000062585f9f0}> (0x000000062585f9f0) 
thrown [s\open\src\hotspot\share\prims\jni.cpp, line 520]
Event: 1.482 Thread 0x000001ec14e992a0 Exception <a 'sun/nio/fs/WindowsException'{0x000000062586c2a0}> (0x000000062586c2a0) 
thrown [s\open\src\hotspot\share\prims\jni.cpp, line 520]
Event: 1.482 Thread 0x000001ec14e992a0 Exception <a 'sun/nio/fs/WindowsException'{0x000000062586c570}> (0x000000062586c570) 
thrown [s\open\src\hotspot\share\prims\jni.cpp, line 520]

ZGC Phase Switch (0 events):
No events

VM Operations (8 events):
Event: 0.262 Executing VM operation: HandshakeAllThreads (Deoptimize)
Event: 0.262 Executing VM operation: HandshakeAllThreads (Deoptimize) done
Event: 1.277 Executing VM operation: Cleanup
Event: 1.278 Executing VM operation: Cleanup done
Event: 2.286 Executing VM operation: Cleanup
Event: 2.286 Executing VM operation: Cleanup done
Event: 2.310 Executing VM operation: HandshakeAllThreads (Deoptimize)
Event: 2.310 Executing VM operation: HandshakeAllThreads (Deoptimize) done

Events (14 events):
Event: 0.074 Thread 0x000001ec14e992a0 Thread added: 0x000001ec14e992a0
Event: 0.115 Thread 0x000001ec3b4aacc0 Thread added: 0x000001ec3b4aacc0
Event: 0.115 Thread 0x000001ec3b4ab720 Thread added: 0x000001ec3b4ab720
Event: 0.116 Thread 0x000001ec3b4acfc0 Thread added: 0x000001ec3b4acfc0
Event: 0.116 Thread 0x000001ec3b4ada20 Thread added: 0x000001ec3b4ada20
Event: 0.116 Thread 0x000001ec3b4ae480 Thread added: 0x000001ec3b4ae480
Event: 0.116 Thread 0x000001ec3b4af010 Thread added: 0x000001ec3b4af010
Event: 0.116 Thread 0x000001ec3b4b3020 Thread added: 0x000001ec3b4b3020
Event: 0.117 Thread 0x000001ec3b4b5ee0 Thread added: 0x000001ec3b4b5ee0
Event: 0.247 Thread 0x000001ec3b5df980 Thread added: 0x000001ec3b5df980
Event: 0.389 Thread 0x000001ec3b7e92c0 Thread added: 0x000001ec3b7e92c0
Event: 0.465 Thread 0x000001ec7d08ea00 Thread added: 0x000001ec7d08ea00
Event: 0.466 Thread 0x000001ec3b74cf90 Thread added: 0x000001ec3b74cf90
Event: 0.770 Thread 0x000001ec3b7e92c0 Thread exited: 0x000001ec3b7e92c0


Dynamic libraries:
0x00007ff6fb340000 - 0x00007ff6fb34e000 	C:\Users\tibur\.jdks\openjdk-21.0.1\bin\java.exe
0x00007ff99fbe0000 - 0x00007ff99fe46000 	C:\WINDOWS\SYSTEM32\ntdll.dll
0x00007ff9559e0000 - 0x00007ff9559fb000 	C:\Program Files\Norton\Suite\aswhook.dll
0x00007ff99e6e0000 - 0x00007ff99e7a9000 	C:\WINDOWS\System32\KERNEL32.DLL
0x00007ff99d5d0000 - 0x00007ff99d99c000 	C:\WINDOWS\System32\KERNELBASE.dll
0x00007ff99d0f0000 - 0x00007ff99d23b000 	C:\WINDOWS\System32\ucrtbase.dll
0x00007ff98b1c0000 - 0x00007ff98b1db000 	C:\Users\tibur\.jdks\openjdk-21.0.1\bin\VCRUNTIME140.dll
0x00007ff98cfd0000 - 0x00007ff98cfe8000 	C:\Users\tibur\.jdks\openjdk-21.0.1\bin\jli.dll
0x00007ff99f6d0000 - 0x00007ff99f89a000 	C:\WINDOWS\System32\USER32.dll
0x00007ff99d5a0000 - 0x00007ff99d5c7000 	C:\WINDOWS\System32\win32u.dll
0x00007ff99f920000 - 0x00007ff99f94b000 	C:\WINDOWS\System32\GDI32.dll
0x00007ff97a210000 - 0x00007ff97a4aa000 	C:\WINDOWS\WinSxS\amd64_microsoft.windows.common-controls_6595b64144ccf1df_6.0.26100.3912_none_3e07963ce335137e\COMCTL32.dll
0x00007ff99d240000 - 0x00007ff99d372000 	C:\WINDOWS\System32\gdi32full.dll
0x00007ff99d9b0000 - 0x00007ff99da59000 	C:\WINDOWS\System32\msvcrt.dll
0x00007ff99ce00000 - 0x00007ff99cea3000 	C:\WINDOWS\System32\msvcp_win.dll
0x00007ff99e000000 - 0x00007ff99e030000 	C:\WINDOWS\System32\IMM32.DLL
0x00007ff98cf40000 - 0x00007ff98cf4c000 	C:\Users\tibur\.jdks\openjdk-21.0.1\bin\vcruntime140_1.dll
0x00007ff974a20000 - 0x00007ff974aae000 	C:\Users\tibur\.jdks\openjdk-21.0.1\bin\msvcp140.dll
0x00007ff915040000 - 0x00007ff915d55000 	C:\Users\tibur\.jdks\openjdk-21.0.1\bin\server\jvm.dll
0x00007ff99fa70000 - 0x00007ff99fb22000 	C:\WINDOWS\System32\ADVAPI32.dll
0x00007ff99dd50000 - 0x00007ff99ddf6000 	C:\WINDOWS\System32\sechost.dll
0x00007ff99f950000 - 0x00007ff99fa66000 	C:\WINDOWS\System32\RPCRT4.dll
0x00007ff99f8a0000 - 0x00007ff99f914000 	C:\WINDOWS\System32\WS2_32.dll
0x00007ff99cbc0000 - 0x00007ff99cc1e000 	C:\WINDOWS\SYSTEM32\POWRPROF.dll
0x00007ff993ca0000 - 0x00007ff993cd6000 	C:\WINDOWS\SYSTEM32\WINMM.dll
0x00007ff986ed0000 - 0x00007ff986edb000 	C:\WINDOWS\SYSTEM32\VERSION.dll
0x00007ff99cba0000 - 0x00007ff99cbb4000 	C:\WINDOWS\SYSTEM32\UMPDC.dll
0x00007ff99baf0000 - 0x00007ff99bb0a000 	C:\WINDOWS\SYSTEM32\kernel.appcore.dll
0x00007ff98ced0000 - 0x00007ff98ceda000 	C:\Users\tibur\.jdks\openjdk-21.0.1\bin\jimage.dll
0x00007ff99a550000 - 0x00007ff99a791000 	C:\WINDOWS\SYSTEM32\DBGHELP.DLL
0x00007ff99eb80000 - 0x00007ff99ef04000 	C:\WINDOWS\System32\combase.dll
0x00007ff99df10000 - 0x00007ff99dff0000 	C:\WINDOWS\System32\OLEAUT32.dll
0x00007ff984b40000 - 0x00007ff984b79000 	C:\WINDOWS\SYSTEM32\dbgcore.DLL
0x00007ff99d380000 - 0x00007ff99d419000 	C:\WINDOWS\System32\bcryptPrimitives.dll
0x00007ff98c7b0000 - 0x00007ff98c7bf000 	C:\Users\tibur\.jdks\openjdk-21.0.1\bin\instrument.dll
0x00007ff98ac20000 - 0x00007ff98ac3f000 	C:\Users\tibur\.jdks\openjdk-21.0.1\bin\java.dll
0x00007ff99ef70000 - 0x00007ff99f69d000 	C:\WINDOWS\System32\SHELL32.dll
0x00007ff99ceb0000 - 0x00007ff99d024000 	C:\WINDOWS\System32\wintypes.dll
0x00007ff99a9a0000 - 0x00007ff99b1f6000 	C:\WINDOWS\SYSTEM32\windows.storage.dll
0x00007ff99e5e0000 - 0x00007ff99e6cf000 	C:\WINDOWS\System32\SHCORE.dll
0x00007ff99fb30000 - 0x00007ff99fb99000 	C:\WINDOWS\System32\shlwapi.dll
0x00007ff99cc80000 - 0x00007ff99ccaf000 	C:\WINDOWS\SYSTEM32\profapi.dll
0x00007ff94b990000 - 0x00007ff94ba67000 	C:\Users\tibur\.jdks\openjdk-21.0.1\bin\jsvml.dll
0x00007ff985440000 - 0x00007ff985458000 	C:\Users\tibur\.jdks\openjdk-21.0.1\bin\zip.dll
0x00007ff98b110000 - 0x00007ff98b120000 	C:\Users\tibur\.jdks\openjdk-21.0.1\bin\net.dll
0x00007ff995870000 - 0x00007ff99598e000 	C:\WINDOWS\SYSTEM32\WINHTTP.dll
0x00007ff99c040000 - 0x00007ff99c0aa000 	C:\WINDOWS\system32\mswsock.dll
0x00007ff98a360000 - 0x00007ff98a376000 	C:\Users\tibur\.jdks\openjdk-21.0.1\bin\nio.dll
0x00007ff9829e0000 - 0x00007ff9829fa000 	C:\Users\tibur\AppData\Local\JetBrains\IntelliJ IDEA Community Edition 2023.3.1\bin\breakgen64.dll
0x00007ff98afe0000 - 0x00007ff98aff0000 	C:\Users\tibur\.jdks\openjdk-21.0.1\bin\verify.dll
0x00007ff98a740000 - 0x00007ff98a747000 	C:\Users\tibur\.jdks\openjdk-21.0.1\bin\extnet.dll
0x00007ff9731a0000 - 0x00007ff97321c000 	C:\Users\tibur\AppData\Local\Temp\lwjgl_Teo\3.3.5+5\x64\lwjgl.dll
0x00007ff96fb30000 - 0x00007ff96fbb8000 	C:\Users\tibur\AppData\Local\Temp\lwjgl_Teo\3.3.5+5\x64\glfw.dll
0x00007ff97c9e0000 - 0x00007ff97ca2b000 	C:\WINDOWS\SYSTEM32\dinput8.dll
0x00007ff980120000 - 0x00007ff980132000 	C:\WINDOWS\SYSTEM32\xinput1_4.dll
0x00007ff99c8c0000 - 0x00007ff99c917000 	C:\WINDOWS\SYSTEM32\cfgmgr32.dll
0x00007ff99c890000 - 0x00007ff99c8bd000 	C:\WINDOWS\SYSTEM32\DEVOBJ.dll
0x00007ff999f10000 - 0x00007ff999f46000 	C:\WINDOWS\SYSTEM32\dwmapi.dll
0x00007ff98a380000 - 0x00007ff98a561000 	C:\WINDOWS\SYSTEM32\inputhost.dll
0x00007ff999160000 - 0x00007ff999286000 	C:\WINDOWS\SYSTEM32\CoreMessaging.dll
0x00007ff999a70000 - 0x00007ff999b1f000 	C:\WINDOWS\system32\uxtheme.dll
0x00007ff99e7e0000 - 0x00007ff99e93f000 	C:\WINDOWS\System32\MSCTF.dll
0x00007ff99c270000 - 0x00007ff99c27c000 	C:\WINDOWS\SYSTEM32\CRYPTBASE.DLL
0x00007ff96fcc0000 - 0x00007ff96fdcc000 	C:\WINDOWS\SYSTEM32\opengl32.dll
0x00007ff98c8c0000 - 0x00007ff98c8ed000 	C:\WINDOWS\SYSTEM32\GLU32.dll
0x00007ff999f80000 - 0x00007ff999fc7000 	C:\WINDOWS\SYSTEM32\dxcore.dll
0x00007ff999d40000 - 0x00007ff999da0000 	C:\WINDOWS\SYSTEM32\directxdatabasehelper.dll
0x00007ff978370000 - 0x00007ff97838a000 	C:\WINDOWS\SYSTEM32\windows.staterepositorycore.dll
0x00007ff9136b0000 - 0x00007ff914aae000 	C:\WINDOWS\System32\DriverStore\FileRepository\iigd_dch.inf_amd64_ae2001db843700cc\igxelpicd64.dll
0x00007ff99e9d0000 - 0x00007ff99eb6f000 	C:\WINDOWS\System32\ole32.dll
0x00007ff98ac40000 - 0x00007ff98ac63000 	C:\WINDOWS\SYSTEM32\d3d12.dll
0x00007ff999db0000 - 0x00007ff999ee3000 	C:\WINDOWS\SYSTEM32\dxgi.dll
0x00007ff94a930000 - 0x00007ff94aa77000 	C:\WINDOWS\System32\DriverStore\FileRepository\iigd_dch.inf_amd64_ae2001db843700cc\igdml64.dll
0x00007ff993580000 - 0x00007ff9939c1000 	C:\WINDOWS\System32\DriverStore\FileRepository\iigd_dch.inf_amd64_ae2001db843700cc\igdgmm64.dll
0x00007ff993b00000 - 0x00007ff993b25000 	C:\WINDOWS\System32\DriverStore\FileRepository\iigd_dch.inf_amd64_ae2001db843700cc\igc64.dll
0x00007ff98e250000 - 0x00007ff992eec000 	C:\WINDOWS\System32\DriverStore\FileRepository\iigd_dch.inf_amd64_ae2001db843700cc\igc-default64.dll
0x00007ff98c560000 - 0x00007ff98c6ad000 	C:\WINDOWS\SYSTEM32\textinputframework.dll
0x00007ff995a50000 - 0x00007ff995d33000 	C:\WINDOWS\SYSTEM32\CoreUIComponents.dll
0x00007ff98aba0000 - 0x00007ff98ac1d000 	C:\WINDOWS\system32\Oleacc.dll
0x00007ff975920000 - 0x00007ff97597f000 	C:\Users\tibur\AppData\Local\Temp\lwjgl_Teo\3.3.5+5\x64\lwjgl_opengl.dll

dbghelp: loaded successfully - version: 4.0.5 - missing functions: none
symbol engine: initialized successfully - sym options: 0x614 - pdb path: .;C:\Users\tibur\.jdks\openjdk-21.0.1\bin;C:\WINDOWS\SYSTEM32;C:\Program Files\Norton\Suite;C:\WINDOWS\WinSxS\amd64_microsoft.windows.common-controls_6595b64144ccf1df_6.0.26100.3912_none_3e07963ce335137e;C:\Users\tibur\.jdks\openjdk-21.0.1\bin\server;C:\Users\tibur\AppData\Local\JetBrains\IntelliJ IDEA Community Edition 2023.3.1\bin;C:\Users\tibur\AppData\Local\Temp\lwjgl_Teo\3.3.5+5\x64;C:\WINDOWS\System32\DriverStore\FileRepository\iigd_dch.inf_amd64_ae2001db843700cc

VM Arguments:
jvm_args: -javaagent:C:\Users\tibur\AppData\Local\JetBrains\IntelliJ IDEA Community Edition 2023.3.1\lib\idea_rt.jar=50925:C:\Users\tibur\AppData\Local\JetBrains\IntelliJ IDEA Community Edition 2023.3.1\bin -Dfile.encoding=UTF-8 -Dsun.stdout.encoding=UTF-8 -Dsun.stderr.encoding=UTF-8 
java_command: Main
java_class_path (initial): C:\Users\tibur\IdeaProjects\GameEngine\out\production\Test;C:\Users\tibur\IdeaProjects\GameEngine\lwjgl-release-3.3.5-custom\lwjgl.jar;C:\Users\tibur\IdeaProjects\GameEngine\lwjgl-release-3.3.5-custom\lwjgl-par.jar;C:\Users\tibur\IdeaProjects\GameEngine\lwjgl-release-3.3.5-custom\lwjgl-stb.jar;C:\Users\tibur\IdeaProjects\GameEngine\lwjgl-release-3.3.5-custom\lwjgl-bgfx.jar;C:\Users\tibur\IdeaProjects\GameEngine\lwjgl-release-3.3.5-custom\lwjgl-glfw.jar;C:\Users\tibur\IdeaProjects\GameEngine\lwjgl-release-3.3.5-custom\joml-1.10.7.jar;C:\Users\tibur\IdeaProjects\GameEngine\lwjgl-release-3.3.5-custom\lwjgl-assimp.jar;C:\Users\tibur\IdeaProjects\GameEngine\lwjgl-release-3.3.5-custom\lwjgl-nanovg.jar;C:\Users\tibur\IdeaProjects\GameEngine\lwjgl-release-3.3.5-custom\lwjgl-openal.jar;C:\Users\tibur\IdeaProjects\GameEngine\lwjgl-release-3.3.5-custom\lwjgl-opengl.jar;C:\Users\tibur\IdeaProjects\GameEngine\lwjgl-release-3.3.5-custom\lwjgl-vulkan.jar;C:\Users\tibur\IdeaProjects\GameEngine\lwjgl-release-3.3.5-custom\lwjgl-javadoc.jar;C:\Users\tibur\IdeaProjects\GameEngine\lwjgl-release-3.3.5-custom\lwjgl-nuklear.jar;C:\Users\tibur\IdeaProjects\GameEngine\lwjgl-release-3.3.5-custom\lwjgl-sources.jar;C:\Users\tibur\IdeaProjects\GameEngine\lwjgl-release-3.3.5-custom\lwjgl-par-javadoc.jar;C:\Users\tibur\IdeaProjects\GameEngine\lwjgl-release-3.3.5-custom\lwjgl-par-sources.jar;C:\Users\tibur\IdeaProjects\GameEngine\lwjgl-release-3.3.5-custom\lwjgl-stb-javadoc.jar;C:\Users\tibur\IdeaProjects\GameEngine\lwjgl-release-3.3.5-custom\lwjgl-stb-sources.jar;C:\Users\tibur\IdeaProjects\GameEngine\lwjgl-release-3.3.5-custom\lwjgl-bgfx-javadoc.jar;C:\Users\tibur\IdeaProjects\GameEngine\lwjgl-release-3.3.5-custom\lwjgl-bgfx-sources.jar;C:\Users\tibur\IdeaProjects\GameEngine\lwjgl-release-3.3.5-custom\lwjgl-glfw-javadoc.jar;C:\Users\tibur\IdeaProjects\GameEngine\lwjgl-release-3.3.5-custom\lwjgl-glfw-sources.jar;C:\Users\tibur\IdeaProjects\GameEngine\lwjgl-release-3.3.5-custom\joml-1.10.7-javadoc.jar;C:\Users\tibur\IdeaProjects\GameEngine\lwjgl-release-3.3.5-custom\joml-1.10.7-sources.jar;C:\Users\tibur\IdeaProjects\GameEngine\lwjgl-release-3.3.5-custom\lwjgl-assimp-javadoc.jar;C:\Users\tibur\IdeaProjects\GameEngine\lwjgl-release-3.3.5-custom\lwjgl-assimp-sources.jar;C:\Users\tibur\IdeaProjects\GameEngine\lwjgl-release-3.3.5-custom\lwjgl-nanovg-javadoc.jar;C:\Users\tibur\IdeaProjects\GameEngine\lwjgl-release-3.3.5-custom\lwjgl-nanovg-sources.jar;C:\Users\tibur\IdeaProjects\GameEngine\lwjgl-release-3.3.5-custom\lwjgl-openal-javadoc.jar;C:\Users\tibur\IdeaProjects\GameEngine\lwjgl-release-3.3.5-custom\lwjgl-openal-sources.jar;C:\Users\tibur\IdeaProjects\GameEngine\lwjgl-release-3.3.5-custom\lwjgl-opengl-javadoc.jar;C:\Users\tibur\IdeaProjects\GameEngine\lwjgl-release-3.3.5-custom\lwjgl-opengl-sources.jar;C:\Users\tibur\IdeaProjects\GameEngine\lwjgl-release-3.3.5-custom\lwjgl-vulkan-javadoc.jar;C:\Users\tibur\IdeaProjects\GameEngine\lwjgl-release-3.3.5-custom\lwjgl-vulkan-sources.jar;C:\Users\tibur\IdeaProjects\GameEngine\lwjgl-release-3.3.5-custom\lwjgl-natives-windows.jar;C:\Users\tibur\IdeaProjects\GameEngine\lwjgl-release-3.3.5-custom\lwjgl-nuklear-javadoc.jar;C:\Users\tibur\IdeaProjects\GameEngine\lwjgl-release-3.3.5-custom\lwjgl-nuklear-sources.jar;C:\Users\tibur\IdeaProjects\GameEngine\lwjgl-release-3.3.5-custom\lwjgl-par-natives-windows.jar;C:\Users\tibur\IdeaProjects\GameEngine\lwjgl-release-3.3.5-custom\lwjgl-stb-natives-windows.jar;C:\Users\tibur\IdeaProjects\GameEngine\lwjgl-release-3.3.5-custom\lwjgl-bgfx-natives-windows.jar;C:\Users\tibur\IdeaProjects\GameEngine\lwjgl-release-3.3.5-custom\lwjgl-glfw-natives-windows.jar;C:\Users\tibur\IdeaProjects\GameEngine\lwjgl-release-3.3.5-custom\lwjgl-assimp-natives-windows.jar;C:\Users\tibur\IdeaProjects\GameEngine\lwjgl-release-3.3.5-custom\lwjgl-nanovg-natives-windows.jar;C:\Users\tibur\IdeaProjects\GameEngine\lwjgl-release-3.3.5-custom\lwjgl-openal-natives-windows.jar;C:\Users\tibur\IdeaProjects\GameEngine\lwjgl-release-3.3.5-custom\lwjgl-opengl-natives-windows.jar;C:\Users\tibur\IdeaProjects\GameEngine\lwjgl-release-3.3.5-custom\lwjgl-nuklear-natives-windows.jar
Launcher Type: SUN_STANDARD

[Global flags]
     intx CICompilerCount                          = 4                                         {product} {ergonomic}
     uint ConcGCThreads                            = 3                                         {product} {ergonomic}
     uint G1ConcRefinementThreads                  = 10                                        {product} {ergonomic}
   size_t G1HeapRegionSize                         = 4194304                                   {product} {ergonomic}
    uintx GCDrainStackTargetSize                   = 64                                        {product} {ergonomic}
   size_t InitialHeapSize                          = 532676608                                 {product} {ergonomic}
   size_t MarkStackSize                            = 4194304                                   {product} {ergonomic}
   size_t MaxHeapSize                              = 8480882688                                {product} {ergonomic}
   size_t MaxNewSize                               = 5087690752                                {product} {ergonomic}
   size_t MinHeapDeltaBytes                        = 4194304                                   {product} {ergonomic}
   size_t MinHeapSize                              = 8388608                                   {product} {ergonomic}
    uintx NonNMethodCodeHeapSize                   = 5839372                                {pd product} {ergonomic}
    uintx NonProfiledCodeHeapSize                  = 122909434                              {pd product} {ergonomic}
    uintx ProfiledCodeHeapSize                     = 122909434                              {pd product} {ergonomic}
    uintx ReservedCodeCacheSize                    = 251658240                              {pd product} {ergonomic}
     bool SegmentedCodeCache                       = true                                      {product} {ergonomic}
   size_t SoftMaxHeapSize                          = 8480882688                             {manageable} {ergonomic}
     bool UseCompressedOops                        = true                           {product lp64_product} {ergonomic}
     bool UseG1GC                                  = true                                      {product} {ergonomic}
     bool UseLargePagesIndividualAllocation        = false                                  {pd product} {ergonomic}

Logging:
Log output configuration:
 #0: stdout all=warning uptime,level,tags foldmultilines=false
 #1: stderr all=off uptime,level,tags foldmultilines=false

Environment Variables:
PATH=C:\WINDOWS\system32;C:\WINDOWS;C:\WINDOWS\System32\Wbem;C:\WINDOWS\System32\WindowsPowerShell\v1.0\;C:\WINDOWS\System32\OpenSSH\;C:\Program Files\dotnet\;C:\Program Files (x86)\Windows Kits\10\Windows Performance Toolkit\;C:\Users\tibur\AppData\Local\Programs\Eclipse Adoptium\jdk-21.0.4.7-hotspot\bin;C:\Users\tibur\AppData\Local\Microsoft\WindowsApps;C:\Users\tibur\AppData\Local\Programs\Microsoft VS Code\bin;C:\ProgramData\Teo\GitHubDesktop\bin;C:\Users\tibur\AppData\Local\GitHubDesktop\bin;C:\Users\tibur\AppData\Local\Programs\Git\cmd;
USERNAME=Teo
OS=Windows_NT
PROCESSOR_IDENTIFIER=Intel64 Family 6 Model 186 Stepping 3, GenuineIntel
TMP=C:\Users\tibur\AppData\Local\Temp
TEMP=C:\Users\tibur\AppData\Local\Temp




Periodic native trim disabled

---------------  S Y S T E M  ---------------

OS:
 Windows 11 , 64 bit Build 26100 (10.0.26100.3912)
OS uptime: 7 days 10:02 hours
Hyper-V role detected

CPU: total 12 (initial active 12) (6 cores per cpu, 2 threads per core) family 6 model 186 stepping 3 microcode 0x4122, cx8, cmov, fxsr, ht, mmx, 3dnowpref, sse, sse2, sse3, ssse3, sse4.1, sse4.2, popcnt, lzcnt, tsc, tscinvbit, avx, avx2, aes, erms, clmul, bmi1, bmi2, adx, sha, fma, vzeroupper, clflush, clflushopt, clwb, hv, serialize, rdtscp, rdpid, fsrm, f16c, cet_ibt, cet_ss
Processor Information for processor 0
  Max Mhz: 1700, Current Mhz: 1457, Mhz Limit: 1700
Processor Information for processor 1
  Max Mhz: 1700, Current Mhz: 1457, Mhz Limit: 1700
Processor Information for processor 2
  Max Mhz: 1700, Current Mhz: 1457, Mhz Limit: 1700
Processor Information for processor 3
  Max Mhz: 1700, Current Mhz: 1457, Mhz Limit: 1700
Processor Information for processor 4
  Max Mhz: 1700, Current Mhz: 1558, Mhz Limit: 1700
Processor Information for processor 5
  Max Mhz: 1700, Current Mhz: 1558, Mhz Limit: 1700
Processor Information for processor 6
  Max Mhz: 1700, Current Mhz: 1558, Mhz Limit: 1700
Processor Information for processor 7
  Max Mhz: 1700, Current Mhz: 1558, Mhz Limit: 1700
Processor Information for processor 8
  Max Mhz: 1700, Current Mhz: 1558, Mhz Limit: 1700
Processor Information for processor 9
  Max Mhz: 1700, Current Mhz: 1558, Mhz Limit: 1700
Processor Information for processor 10
  Max Mhz: 1700, Current Mhz: 1558, Mhz Limit: 1700
Processor Information for processor 11
  Max Mhz: 1700, Current Mhz: 1558, Mhz Limit: 1700

Memory: 4k page, system-wide physical 32336M (18588M free)
TotalPageFile size 34384M (AvailPageFile size 19356M)
current process WorkingSet (physical memory assigned to process): 131M, peak: 131M
current process commit charge ("private bytes"): 647M, peak: 648M

vm_info: OpenJDK 64-Bit Server VM (21.0.1+12-29) for windows-amd64 JRE (21.0.1+12-29), built on 2023-10-05T13:27:09Z by "mach5one" with MS VC++ 17.1 (VS2022)

END.
